(node:11312) UnhandledPromiseRejectionWarning: Error: Execution context was destroyed, most likely because of a navigation.
    at rewriteError (C:\Users\moge3\Desktop\backup 4\node_modules\whatsapp-web.js\node_modules\puppeteer-core\lib\cjs\puppeteer\common\ExecutionContext.js:284:15)
    at processTicksAndRejections (internal/process/task_queues.js:95:5)
    at async ExecutionContext._ExecutionContext_evaluate (C:\Users\moge3\Desktop\backup 4\node_modules\whatsapp-web.js\node_modules\puppeteer-core\lib\cjs\puppeteer\common\ExecutionContext.js:227:56)
    at async ExecutionContext.evaluate (C:\Users\moge3\Desktop\backup 4\node_modules\whatsapp-web.js\node_modules\puppeteer-core\lib\cjs\puppeteer\common\ExecutionContext.js:107:16)
    at async Client.getWWebVersion (C:\Users\moge3\Desktop\backup 4\node_modules\whatsapp-web.js\src\Client.js:811:16)
    at async Client.inject (C:\Users\moge3\Desktop\backup 4\node_modules\whatsapp-web.js\src\Client.js:98:25)
    at async C:\Users\moge3\Desktop\backup 4\node_modules\whatsapp-web.js\src\Client.js:339:13
(Use `node --trace-warnings ...` to show where the warning was created)
(node:11312) UnhandledPromiseRejectionWarning: Unhandled promise rejection. This error originated either by throwing inside of an async function without a catch block, or by rejecting a promise which was not handled with .catch(). To terminate the node process on unhandled promise rejection, use the CLI flag `--unhandled-rejections=strict` (see https://nodejs.org/api/cli.html#cli_unhandled_rejections_mode). (rejection id: 1)
(node:11312) [DEP0018] DeprecationWarning: Unhandled promise rejections are deprecated. In the future, promise rejections that are not handled will terminate the Node.js process with a non-zero exit code.

(node:5584) MaxListenersExceededWarning: Possible EventEmitter memory leak detected. 11 exit listeners added to [process]. Use emitter.setMaxListeners() to increase limit
(Use `node --trace-warnings ...` to show where the warning was created)

(node:5584) MaxListenersExceededWarning: Possible EventEmitter memory leak detected. 11 SIGINT listeners added to [process]. Use emitter.setMaxListeners() to increase limit
(node:5584) MaxListenersExceededWarning: Possible EventEmitter memory leak detected. 11 SIGTERM listeners added to [process]. Use emitter.setMaxListeners() to increase limit
(node:5584) MaxListenersExceededWarning: Possible EventEmitter memory leak detected. 11 SIGHUP listeners added to [process]. Use emitter.setMaxListeners() to increase limit

(node:17504) MaxListenersExceededWarning: Possible EventEmitter memory leak detected. 11 exit listeners added to [process]. Use emitter.setMaxListeners() to increase limit
(Use `node --trace-warnings ...` to show where the warning was created)

(node:17504) MaxListenersExceededWarning: Possible EventEmitter memory leak detected. 11 SIGINT listeners added to [process]. Use emitter.setMaxListeners() to increase limit
(node:17504) MaxListenersExceededWarning: Possible EventEmitter memory leak detected. 11 SIGTERM listeners added to [process]. Use emitter.setMaxListeners() to increase limit
(node:17504) MaxListenersExceededWarning: Possible EventEmitter memory leak detected. 11 SIGHUP listeners added to [process]. Use emitter.setMaxListeners() to increase limit

(node:6704) UnhandledPromiseRejectionWarning: ProtocolError: Protocol error (Runtime.callFunctionOn): Execution context was destroyed.
    at C:\Users\moge3\Desktop\backup 4\node_modules\whatsapp-web.js\node_modules\puppeteer-core\lib\cjs\puppeteer\common\Connection.js:329:24
    at new Promise (<anonymous>)
    at CDPSessionImpl.send (C:\Users\moge3\Desktop\backup 4\node_modules\whatsapp-web.js\node_modules\puppeteer-core\lib\cjs\puppeteer\common\Connection.js:325:16)
    at ExecutionContext._ExecutionContext_evaluate (C:\Users\moge3\Desktop\backup 4\node_modules\whatsapp-web.js\node_modules\puppeteer-core\lib\cjs\puppeteer\common\ExecutionContext.js:211:46)
    at processTicksAndRejections (internal/process/task_queues.js:95:5)
    at async ExecutionContext.evaluate (C:\Users\moge3\Desktop\backup 4\node_modules\whatsapp-web.js\node_modules\puppeteer-core\lib\cjs\puppeteer\common\ExecutionContext.js:107:16)
(Use `node --trace-warnings ...` to show where the warning was created)
(node:6704) UnhandledPromiseRejectionWarning: Unhandled promise rejection. This error originated either by throwing inside of an async function without a catch block, or by rejecting a promise which was not handled with .catch(). To terminate the node process on unhandled promise rejection, use the CLI flag `--unhandled-rejections=strict` (see https://nodejs.org/api/cli.html#cli_unhandled_rejections_mode). (rejection id: 1)
(node:6704) [DEP0018] DeprecationWarning: Unhandled promise rejections are deprecated. In the future, promise rejections that are not handled will terminate the Node.js process with a non-zero exit code.

C:\Users\moge3\Desktop\backup 4\bot.js:1
client.on("message", async msg => {
^

ReferenceError: client is not defined
    at Object.<anonymous> (C:\Users\moge3\Desktop\backup 4\bot.js:1:1)
    at Module._compile (internal/modules/cjs/loader.js:1114:14)
    at Object.Module._extensions..js (internal/modules/cjs/loader.js:1143:10)
    at Module.load (internal/modules/cjs/loader.js:979:32)
    at Function.Module._load (internal/modules/cjs/loader.js:819:12)
    at Function.executeUserEntryPoint [as runMain] (internal/modules/run_main.js:75:12)
    at internal/main/run_main_module.js:17:47

C:\Users\moge3\Desktop\backup 4\bot.js:1
client.on("message", async msg => {
^

ReferenceError: client is not defined
    at Object.<anonymous> (C:\Users\moge3\Desktop\backup 4\bot.js:1:1)
    at Module._compile (internal/modules/cjs/loader.js:1114:14)
    at Object.Module._extensions..js (internal/modules/cjs/loader.js:1143:10)
    at Module.load (internal/modules/cjs/loader.js:979:32)
    at Function.Module._load (internal/modules/cjs/loader.js:819:12)
    at Function.executeUserEntryPoint [as runMain] (internal/modules/run_main.js:75:12)
    at internal/main/run_main_module.js:17:47

